<?xml version="1.0" encoding="UTF-8"?>
<testsuite name="com.pbattles.usercollection.UserContainerTest" time="0.041" tests="13" errors="10" skipped="0" failures="0">
  <properties>
[...]
</properties>
  <testcase name="getAllReturnOnLotsOfElementsAndNull" classname="com.pbattles.usercollection.UserContainerTest" time="0.002">
    <error type="java.lang.NullPointerException:">java.lang.NullPointerException: null
	at com.pbattles.entity.UserInfo.hashCode(UserInfo.java:73)
	at java.util.concurrent.ConcurrentHashMap.putVal(ConcurrentHashMap.java:1012)
	at java.util.concurrent.ConcurrentHashMap.put(ConcurrentHashMap.java:1006)
	at java.util.Collections$SetFromMap.add(Collections.java:5461)
	at com.pbattles.usercollection.UserContainer.addUser(UserContainer.java:21)
	at com.pbattles.usercollection.UserContainerTest.addUserInfoToContainer(UserContainerTest.java:129)
	at com.pbattles.usercollection.UserContainerTest.getAllReturnOnLotsOfElementsAndNull(UserContainerTest.java:67)
</error>
  </testcase>
  <testcase name="addIsNotFailingOnNull" classname="com.pbattles.usercollection.UserContainerTest" time="0"/>
  <testcase name="addIsNotFailingOnRepeatableAdd" classname="com.pbattles.usercollection.UserContainerTest" time="0">
    <error type="java.lang.NullPointerException:">java.lang.NullPointerException: null
	at com.pbattles.entity.UserInfo.hashCode(UserInfo.java:73)
	at java.util.concurrent.ConcurrentHashMap.putVal(ConcurrentHashMap.java:1012)
	at java.util.concurrent.ConcurrentHashMap.put(ConcurrentHashMap.java:1006)
	at java.util.Collections$SetFromMap.add(Collections.java:5461)
	at com.pbattles.usercollection.UserContainer.addUser(UserContainer.java:21)
	at com.pbattles.usercollection.UserContainerTest.addUserInfoToContainer(UserContainerTest.java:129)
	at com.pbattles.usercollection.UserContainerTest.addIsNotFailingOnRepeatableAdd(UserContainerTest.java:35)
</error>
  </testcase>
  <testcase name="getAllReturnOnNoElements" classname="com.pbattles.usercollection.UserContainerTest" time="0.033"/>
  <testcase name="getAllReturnOnOneElement" classname="com.pbattles.usercollection.UserContainerTest" time="0">
    <error type="java.lang.NullPointerException:">java.lang.NullPointerException: null
	at com.pbattles.entity.UserInfo.hashCode(UserInfo.java:73)
	at java.util.concurrent.ConcurrentHashMap.putVal(ConcurrentHashMap.java:1012)
	at java.util.concurrent.ConcurrentHashMap.put(ConcurrentHashMap.java:1006)
	at java.util.Collections$SetFromMap.add(Collections.java:5461)
	at com.pbattles.usercollection.UserContainer.addUser(UserContainer.java:21)
	at com.pbattles.usercollection.UserContainerTest.addUserInfoToContainer(UserContainerTest.java:129)
	at com.pbattles.usercollection.UserContainerTest.getAllReturnOnOneElement(UserContainerTest.java:46)
</error>
  </testcase>
  <testcase name="getAllReturnOnLotsOfElements" classname="com.pbattles.usercollection.UserContainerTest" time="0.001">
    <error type="java.lang.NullPointerException:">java.lang.NullPointerException: null
	at com.pbattles.entity.UserInfo.hashCode(UserInfo.java:73)
	at java.util.concurrent.ConcurrentHashMap.putVal(ConcurrentHashMap.java:1012)
	at java.util.concurrent.ConcurrentHashMap.put(ConcurrentHashMap.java:1006)
	at java.util.Collections$SetFromMap.add(Collections.java:5461)
	at com.pbattles.usercollection.UserContainer.addUser(UserContainer.java:21)
	at com.pbattles.usercollection.UserContainerTest.addUserInfoToContainer(UserContainerTest.java:129)
	at com.pbattles.usercollection.UserContainerTest.getAllReturnOnLotsOfElements(UserContainerTest.java:53)
</error>
  </testcase>
  <testcase name="getAllReturnOnAddNull" classname="com.pbattles.usercollection.UserContainerTest" time="0"/>
  <testcase name="removeUserOnNotExisting" classname="com.pbattles.usercollection.UserContainerTest" time="0.001">
    <error type="java.lang.NullPointerException:">java.lang.NullPointerException: null
	at com.pbattles.entity.UserInfo.hashCode(UserInfo.java:73)
	at java.util.concurrent.ConcurrentHashMap.replaceNode(ConcurrentHashMap.java:1106)
	at java.util.concurrent.ConcurrentHashMap.remove(ConcurrentHashMap.java:1097)
	at java.util.Collections$SetFromMap.remove(Collections.java:5460)
	at com.pbattles.usercollection.UserContainer.removeUser(UserContainer.java:26)
	at com.pbattles.usercollection.UserContainerTest.removeUserInfoFomContainer(UserContainerTest.java:122)
	at com.pbattles.usercollection.UserContainerTest.removeUserOnNotExisting(UserContainerTest.java:75)
</error>
  </testcase>
  <testcase name="removeUserOnExistingElement" classname="com.pbattles.usercollection.UserContainerTest" time="0">
    <error type="java.lang.NullPointerException:">java.lang.NullPointerException: null
	at com.pbattles.entity.UserInfo.hashCode(UserInfo.java:73)
	at java.util.concurrent.ConcurrentHashMap.putVal(ConcurrentHashMap.java:1012)
	at java.util.concurrent.ConcurrentHashMap.put(ConcurrentHashMap.java:1006)
	at java.util.Collections$SetFromMap.add(Collections.java:5461)
	at com.pbattles.usercollection.UserContainer.addUser(UserContainer.java:21)
	at com.pbattles.usercollection.UserContainerTest.addUserInfoToContainer(UserContainerTest.java:129)
	at com.pbattles.usercollection.UserContainerTest.removeUserOnExistingElement(UserContainerTest.java:82)
</error>
  </testcase>
  <testcase name="removeUserOnExistingElements" classname="com.pbattles.usercollection.UserContainerTest" time="0">
    <error type="java.lang.NullPointerException:">java.lang.NullPointerException: null
	at com.pbattles.entity.UserInfo.hashCode(UserInfo.java:73)
	at java.util.concurrent.ConcurrentHashMap.putVal(ConcurrentHashMap.java:1012)
	at java.util.concurrent.ConcurrentHashMap.put(ConcurrentHashMap.java:1006)
	at java.util.Collections$SetFromMap.add(Collections.java:5461)
	at com.pbattles.usercollection.UserContainer.addUser(UserContainer.java:21)
	at com.pbattles.usercollection.UserContainerTest.addUserInfoToContainer(UserContainerTest.java:129)
	at com.pbattles.usercollection.UserContainerTest.removeUserOnExistingElements(UserContainerTest.java:90)
</error>
  </testcase>
  <testcase name="removeUserOnNotExistingElements" classname="com.pbattles.usercollection.UserContainerTest" time="0.001">
    <error type="java.lang.NullPointerException:">java.lang.NullPointerException: null
	at com.pbattles.entity.UserInfo.hashCode(UserInfo.java:73)
	at java.util.concurrent.ConcurrentHashMap.putVal(ConcurrentHashMap.java:1012)
	at java.util.concurrent.ConcurrentHashMap.put(ConcurrentHashMap.java:1006)
	at java.util.Collections$SetFromMap.add(Collections.java:5461)
	at com.pbattles.usercollection.UserContainer.addUser(UserContainer.java:21)
	at com.pbattles.usercollection.UserContainerTest.addUserInfoToContainer(UserContainerTest.java:129)
	at com.pbattles.usercollection.UserContainerTest.removeUserOnNotExistingElements(UserContainerTest.java:98)
</error>
  </testcase>
  <testcase name="removeNullOnExistingElements" classname="com.pbattles.usercollection.UserContainerTest" time="0">
    <error type="java.lang.NullPointerException:">java.lang.NullPointerException: null
	at com.pbattles.entity.UserInfo.hashCode(UserInfo.java:73)
	at java.util.concurrent.ConcurrentHashMap.putVal(ConcurrentHashMap.java:1012)
	at java.util.concurrent.ConcurrentHashMap.put(ConcurrentHashMap.java:1006)
	at java.util.Collections$SetFromMap.add(Collections.java:5461)
	at com.pbattles.usercollection.UserContainer.addUser(UserContainer.java:21)
	at com.pbattles.usercollection.UserContainerTest.addUserInfoToContainer(UserContainerTest.java:129)
	at com.pbattles.usercollection.UserContainerTest.removeNullOnExistingElements(UserContainerTest.java:106)
</error>
  </testcase>
  <testcase name="addIsNotFailing" classname="com.pbattles.usercollection.UserContainerTest" time="0.003">
    <error type="java.lang.NullPointerException:">java.lang.NullPointerException: null
	at com.pbattles.entity.UserInfo.hashCode(UserInfo.java:73)
	at java.util.concurrent.ConcurrentHashMap.putVal(ConcurrentHashMap.java:1012)
	at java.util.concurrent.ConcurrentHashMap.put(ConcurrentHashMap.java:1006)
	at java.util.Collections$SetFromMap.add(Collections.java:5461)
	at com.pbattles.usercollection.UserContainer.addUser(UserContainer.java:21)
	at com.pbattles.usercollection.UserContainerTest.addUserInfoToContainer(UserContainerTest.java:129)
	at com.pbattles.usercollection.UserContainerTest.addIsNotFailing(UserContainerTest.java:25)
</error>
  </testcase>
</testsuite>